mode: atomic
mercado-frescos-time-7/go-web/internal/sections/repository.go:17.45,19.16 2 0
mercado-frescos-time-7/go-web/internal/sections/repository.go:23.2,23.35 1 0
mercado-frescos-time-7/go-web/internal/sections/repository.go:26.2,26.13 1 0
mercado-frescos-time-7/go-web/internal/sections/repository.go:19.16,21.3 1 0
mercado-frescos-time-7/go-web/internal/sections/repository.go:23.35,25.3 1 0
mercado-frescos-time-7/go-web/internal/sections/repository.go:40.47,44.2 1 0
mercado-frescos-time-7/go-web/internal/sections/repository.go:46.57,48.16 2 0
mercado-frescos-time-7/go-web/internal/sections/repository.go:51.2,51.33 1 0
mercado-frescos-time-7/go-web/internal/sections/repository.go:48.16,50.3 1 0
mercado-frescos-time-7/go-web/internal/sections/repository.go:54.62,56.16 2 0
mercado-frescos-time-7/go-web/internal/sections/repository.go:59.2,59.46 1 0
mercado-frescos-time-7/go-web/internal/sections/repository.go:64.2,64.30 1 0
mercado-frescos-time-7/go-web/internal/sections/repository.go:56.16,58.3 1 0
mercado-frescos-time-7/go-web/internal/sections/repository.go:59.46,60.23 1 0
mercado-frescos-time-7/go-web/internal/sections/repository.go:60.23,62.4 1 0
mercado-frescos-time-7/go-web/internal/sections/repository.go:67.76,68.46 1 0
mercado-frescos-time-7/go-web/internal/sections/repository.go:73.2,73.12 1 0
mercado-frescos-time-7/go-web/internal/sections/repository.go:68.46,69.54 1 0
mercado-frescos-time-7/go-web/internal/sections/repository.go:69.54,71.4 1 0
mercado-frescos-time-7/go-web/internal/sections/repository.go:76.65,78.16 2 0
mercado-frescos-time-7/go-web/internal/sections/repository.go:81.2,86.16 5 0
mercado-frescos-time-7/go-web/internal/sections/repository.go:90.2,90.24 1 0
mercado-frescos-time-7/go-web/internal/sections/repository.go:78.16,80.3 1 0
mercado-frescos-time-7/go-web/internal/sections/repository.go:86.16,88.3 1 0
mercado-frescos-time-7/go-web/internal/sections/repository.go:93.63,94.46 1 0
mercado-frescos-time-7/go-web/internal/sections/repository.go:107.2,107.39 1 0
mercado-frescos-time-7/go-web/internal/sections/repository.go:94.46,95.34 1 0
mercado-frescos-time-7/go-web/internal/sections/repository.go:95.34,101.18 4 0
mercado-frescos-time-7/go-web/internal/sections/repository.go:104.4,104.14 1 0
mercado-frescos-time-7/go-web/internal/sections/repository.go:101.18,103.5 1 0
mercado-frescos-time-7/go-web/internal/sections/repository.go:110.43,112.16 2 0
mercado-frescos-time-7/go-web/internal/sections/repository.go:116.2,116.46 1 0
mercado-frescos-time-7/go-web/internal/sections/repository.go:126.2,126.36 1 0
mercado-frescos-time-7/go-web/internal/sections/repository.go:112.16,114.3 1 0
mercado-frescos-time-7/go-web/internal/sections/repository.go:116.46,117.23 1 0
mercado-frescos-time-7/go-web/internal/sections/repository.go:117.23,120.18 3 0
mercado-frescos-time-7/go-web/internal/sections/repository.go:123.4,123.14 1 0
mercado-frescos-time-7/go-web/internal/sections/repository.go:120.18,122.5 1 0
mercado-frescos-time-7/go-web/internal/sections/services.go:24.39,28.2 1 27
mercado-frescos-time-7/go-web/internal/sections/services.go:30.54,32.16 2 2
mercado-frescos-time-7/go-web/internal/sections/services.go:35.2,35.18 1 1
mercado-frescos-time-7/go-web/internal/sections/services.go:32.16,34.3 1 1
mercado-frescos-time-7/go-web/internal/sections/services.go:38.62,40.16 2 4
mercado-frescos-time-7/go-web/internal/sections/services.go:43.2,45.46 2 3
mercado-frescos-time-7/go-web/internal/sections/services.go:49.2,49.18 1 1
mercado-frescos-time-7/go-web/internal/sections/services.go:40.16,42.3 1 1
mercado-frescos-time-7/go-web/internal/sections/services.go:45.46,47.3 1 2
mercado-frescos-time-7/go-web/internal/sections/services.go:52.58,56.16 3 10
mercado-frescos-time-7/go-web/internal/sections/services.go:60.2,62.16 2 9
mercado-frescos-time-7/go-web/internal/sections/services.go:66.2,66.34 1 8
mercado-frescos-time-7/go-web/internal/sections/services.go:69.2,69.36 1 7
mercado-frescos-time-7/go-web/internal/sections/services.go:72.2,72.36 1 6
mercado-frescos-time-7/go-web/internal/sections/services.go:75.2,75.36 1 5
mercado-frescos-time-7/go-web/internal/sections/services.go:78.2,78.32 1 4
mercado-frescos-time-7/go-web/internal/sections/services.go:81.2,81.34 1 3
mercado-frescos-time-7/go-web/internal/sections/services.go:85.2,86.16 2 2
mercado-frescos-time-7/go-web/internal/sections/services.go:89.2,89.24 1 1
mercado-frescos-time-7/go-web/internal/sections/services.go:56.16,58.3 1 1
mercado-frescos-time-7/go-web/internal/sections/services.go:62.16,64.3 1 1
mercado-frescos-time-7/go-web/internal/sections/services.go:66.34,68.3 1 1
mercado-frescos-time-7/go-web/internal/sections/services.go:69.36,71.3 1 1
mercado-frescos-time-7/go-web/internal/sections/services.go:72.36,74.3 1 1
mercado-frescos-time-7/go-web/internal/sections/services.go:75.36,77.3 1 1
mercado-frescos-time-7/go-web/internal/sections/services.go:78.32,80.3 1 1
mercado-frescos-time-7/go-web/internal/sections/services.go:81.34,83.3 1 1
mercado-frescos-time-7/go-web/internal/sections/services.go:86.16,88.3 1 1
mercado-frescos-time-7/go-web/internal/sections/services.go:92.67,94.16 2 10
mercado-frescos-time-7/go-web/internal/sections/services.go:97.2,97.37 1 9
mercado-frescos-time-7/go-web/internal/sections/services.go:101.2,102.16 2 8
mercado-frescos-time-7/go-web/internal/sections/services.go:105.2,108.16 3 7
mercado-frescos-time-7/go-web/internal/sections/services.go:111.2,114.34 3 7
mercado-frescos-time-7/go-web/internal/sections/services.go:117.2,117.36 1 6
mercado-frescos-time-7/go-web/internal/sections/services.go:120.2,120.36 1 5
mercado-frescos-time-7/go-web/internal/sections/services.go:123.2,123.36 1 4
mercado-frescos-time-7/go-web/internal/sections/services.go:126.2,126.32 1 3
mercado-frescos-time-7/go-web/internal/sections/services.go:129.2,129.34 1 2
mercado-frescos-time-7/go-web/internal/sections/services.go:132.2,133.16 2 1
mercado-frescos-time-7/go-web/internal/sections/services.go:137.2,137.24 1 1
mercado-frescos-time-7/go-web/internal/sections/services.go:94.16,96.3 1 1
mercado-frescos-time-7/go-web/internal/sections/services.go:97.37,99.3 1 1
mercado-frescos-time-7/go-web/internal/sections/services.go:102.16,104.3 1 1
mercado-frescos-time-7/go-web/internal/sections/services.go:108.16,110.3 1 0
mercado-frescos-time-7/go-web/internal/sections/services.go:114.34,116.3 1 1
mercado-frescos-time-7/go-web/internal/sections/services.go:117.36,119.3 1 1
mercado-frescos-time-7/go-web/internal/sections/services.go:120.36,122.3 1 1
mercado-frescos-time-7/go-web/internal/sections/services.go:123.36,125.3 1 1
mercado-frescos-time-7/go-web/internal/sections/services.go:126.32,128.3 1 1
mercado-frescos-time-7/go-web/internal/sections/services.go:129.34,131.3 1 1
mercado-frescos-time-7/go-web/internal/sections/services.go:133.16,135.3 1 0
mercado-frescos-time-7/go-web/internal/sections/services.go:140.43,142.16 2 1
mercado-frescos-time-7/go-web/internal/sections/services.go:145.2,145.37 1 1
mercado-frescos-time-7/go-web/internal/sections/services.go:149.2,151.16 2 1
mercado-frescos-time-7/go-web/internal/sections/services.go:155.2,157.16 2 1
mercado-frescos-time-7/go-web/internal/sections/services.go:161.2,161.12 1 1
mercado-frescos-time-7/go-web/internal/sections/services.go:142.16,144.3 1 0
mercado-frescos-time-7/go-web/internal/sections/services.go:145.37,147.3 1 0
mercado-frescos-time-7/go-web/internal/sections/services.go:151.16,153.3 1 0
mercado-frescos-time-7/go-web/internal/sections/services.go:157.16,159.3 1 0
