mode: atomic
mercado-frescos-time-7/go-web/cmd/server/controller/employees.go:31.55,32.32 1 0
mercado-frescos-time-7/go-web/cmd/server/controller/employees.go:32.32,35.17 2 0
mercado-frescos-time-7/go-web/cmd/server/controller/employees.go:42.3,42.29 1 0
mercado-frescos-time-7/go-web/cmd/server/controller/employees.go:35.17,40.4 4 0
mercado-frescos-time-7/go-web/cmd/server/controller/employees.go:46.56,47.32 1 0
mercado-frescos-time-7/go-web/cmd/server/controller/employees.go:47.32,49.17 2 0
mercado-frescos-time-7/go-web/cmd/server/controller/employees.go:56.3,57.17 2 0
mercado-frescos-time-7/go-web/cmd/server/controller/employees.go:64.3,64.29 1 0
mercado-frescos-time-7/go-web/cmd/server/controller/employees.go:49.17,54.4 4 0
mercado-frescos-time-7/go-web/cmd/server/controller/employees.go:57.17,62.4 4 0
mercado-frescos-time-7/go-web/cmd/server/controller/employees.go:68.55,69.32 1 0
mercado-frescos-time-7/go-web/cmd/server/controller/employees.go:69.32,72.17 2 0
mercado-frescos-time-7/go-web/cmd/server/controller/employees.go:79.3,83.17 3 0
mercado-frescos-time-7/go-web/cmd/server/controller/employees.go:90.3,92.17 2 0
mercado-frescos-time-7/go-web/cmd/server/controller/employees.go:98.3,98.19 1 0
mercado-frescos-time-7/go-web/cmd/server/controller/employees.go:72.17,77.4 4 0
mercado-frescos-time-7/go-web/cmd/server/controller/employees.go:83.17,88.4 4 0
mercado-frescos-time-7/go-web/cmd/server/controller/employees.go:92.17,97.4 4 0
mercado-frescos-time-7/go-web/cmd/server/controller/employees.go:103.55,105.32 1 0
mercado-frescos-time-7/go-web/cmd/server/controller/employees.go:105.32,108.17 3 0
mercado-frescos-time-7/go-web/cmd/server/controller/employees.go:115.3,117.17 2 0
mercado-frescos-time-7/go-web/cmd/server/controller/employees.go:124.3,124.34 1 0
mercado-frescos-time-7/go-web/cmd/server/controller/employees.go:108.17,113.4 4 0
mercado-frescos-time-7/go-web/cmd/server/controller/employees.go:117.17,122.4 4 0
mercado-frescos-time-7/go-web/cmd/server/controller/employees.go:129.55,130.32 1 0
mercado-frescos-time-7/go-web/cmd/server/controller/employees.go:130.32,133.17 2 0
mercado-frescos-time-7/go-web/cmd/server/controller/employees.go:140.3,141.17 2 0
mercado-frescos-time-7/go-web/cmd/server/controller/employees.go:148.3,148.37 1 0
mercado-frescos-time-7/go-web/cmd/server/controller/employees.go:133.17,138.4 4 0
mercado-frescos-time-7/go-web/cmd/server/controller/employees.go:141.17,146.4 4 0
mercado-frescos-time-7/go-web/cmd/server/controller/employees.go:153.59,158.2 1 0
mercado-frescos-time-7/go-web/cmd/server/controller/products.go:19.59,23.2 1 0
mercado-frescos-time-7/go-web/cmd/server/controller/products.go:25.60,26.30 1 0
mercado-frescos-time-7/go-web/cmd/server/controller/products.go:26.30,28.17 2 0
mercado-frescos-time-7/go-web/cmd/server/controller/products.go:34.3,34.64 1 0
mercado-frescos-time-7/go-web/cmd/server/controller/products.go:28.17,33.4 4 0
mercado-frescos-time-7/go-web/cmd/server/controller/products.go:38.56,39.30 1 0
mercado-frescos-time-7/go-web/cmd/server/controller/products.go:39.30,41.17 2 0
mercado-frescos-time-7/go-web/cmd/server/controller/products.go:47.3,48.17 2 0
mercado-frescos-time-7/go-web/cmd/server/controller/products.go:61.3,61.65 1 0
mercado-frescos-time-7/go-web/cmd/server/controller/products.go:41.17,46.4 4 0
mercado-frescos-time-7/go-web/cmd/server/controller/products.go:48.17,49.51 1 0
mercado-frescos-time-7/go-web/cmd/server/controller/products.go:49.51,54.5 4 0
mercado-frescos-time-7/go-web/cmd/server/controller/products.go:54.10,59.5 4 0
mercado-frescos-time-7/go-web/cmd/server/controller/products.go:65.58,66.30 1 0
mercado-frescos-time-7/go-web/cmd/server/controller/products.go:66.30,69.17 3 0
mercado-frescos-time-7/go-web/cmd/server/controller/products.go:75.3,76.17 2 0
mercado-frescos-time-7/go-web/cmd/server/controller/products.go:82.3,83.17 2 0
mercado-frescos-time-7/go-web/cmd/server/controller/products.go:89.3,89.68 1 0
mercado-frescos-time-7/go-web/cmd/server/controller/products.go:69.17,74.4 4 0
mercado-frescos-time-7/go-web/cmd/server/controller/products.go:76.17,81.4 4 0
mercado-frescos-time-7/go-web/cmd/server/controller/products.go:83.17,88.4 4 0
mercado-frescos-time-7/go-web/cmd/server/controller/products.go:93.60,94.30 1 0
mercado-frescos-time-7/go-web/cmd/server/controller/products.go:94.30,97.17 3 0
mercado-frescos-time-7/go-web/cmd/server/controller/products.go:103.3,104.17 2 0
mercado-frescos-time-7/go-web/cmd/server/controller/products.go:110.3,111.17 2 0
mercado-frescos-time-7/go-web/cmd/server/controller/products.go:117.3,118.17 2 0
mercado-frescos-time-7/go-web/cmd/server/controller/products.go:124.3,124.69 1 0
mercado-frescos-time-7/go-web/cmd/server/controller/products.go:97.17,102.4 4 0
mercado-frescos-time-7/go-web/cmd/server/controller/products.go:104.17,109.4 4 0
mercado-frescos-time-7/go-web/cmd/server/controller/products.go:111.17,116.4 4 0
mercado-frescos-time-7/go-web/cmd/server/controller/products.go:118.17,123.4 4 0
mercado-frescos-time-7/go-web/cmd/server/controller/products.go:128.60,129.30 1 0
mercado-frescos-time-7/go-web/cmd/server/controller/products.go:129.30,131.17 2 0
mercado-frescos-time-7/go-web/cmd/server/controller/products.go:137.3,138.17 2 0
mercado-frescos-time-7/go-web/cmd/server/controller/products.go:144.3,144.94 1 0
mercado-frescos-time-7/go-web/cmd/server/controller/products.go:131.17,136.4 4 0
mercado-frescos-time-7/go-web/cmd/server/controller/products.go:138.17,143.4 4 0
mercado-frescos-time-7/go-web/cmd/server/controller/sections.go:24.59,29.2 2 12
mercado-frescos-time-7/go-web/cmd/server/controller/sections.go:31.64,33.16 2 2
mercado-frescos-time-7/go-web/cmd/server/controller/sections.go:37.2,37.35 1 1
mercado-frescos-time-7/go-web/cmd/server/controller/sections.go:33.16,36.3 2 1
mercado-frescos-time-7/go-web/cmd/server/controller/sections.go:40.65,43.16 3 2
mercado-frescos-time-7/go-web/cmd/server/controller/sections.go:47.2,47.35 1 1
mercado-frescos-time-7/go-web/cmd/server/controller/sections.go:43.16,46.3 2 1
mercado-frescos-time-7/go-web/cmd/server/controller/sections.go:50.63,53.16 3 3
mercado-frescos-time-7/go-web/cmd/server/controller/sections.go:57.2,58.16 2 2
mercado-frescos-time-7/go-web/cmd/server/controller/sections.go:62.2,63.16 2 2
mercado-frescos-time-7/go-web/cmd/server/controller/sections.go:67.2,67.39 1 1
mercado-frescos-time-7/go-web/cmd/server/controller/sections.go:53.16,56.3 2 1
mercado-frescos-time-7/go-web/cmd/server/controller/sections.go:58.16,61.3 2 0
mercado-frescos-time-7/go-web/cmd/server/controller/sections.go:63.16,66.3 2 1
mercado-frescos-time-7/go-web/cmd/server/controller/sections.go:71.64,74.16 3 3
mercado-frescos-time-7/go-web/cmd/server/controller/sections.go:78.2,79.16 2 2
mercado-frescos-time-7/go-web/cmd/server/controller/sections.go:83.2,85.16 3 2
mercado-frescos-time-7/go-web/cmd/server/controller/sections.go:89.2,89.31 1 1
mercado-frescos-time-7/go-web/cmd/server/controller/sections.go:74.16,77.3 2 1
mercado-frescos-time-7/go-web/cmd/server/controller/sections.go:79.16,82.3 2 0
mercado-frescos-time-7/go-web/cmd/server/controller/sections.go:85.16,88.3 2 1
mercado-frescos-time-7/go-web/cmd/server/controller/sections.go:92.64,97.16 3 2
mercado-frescos-time-7/go-web/cmd/server/controller/sections.go:101.2,101.37 1 1
mercado-frescos-time-7/go-web/cmd/server/controller/sections.go:97.16,100.3 2 1
mercado-frescos-time-7/go-web/cmd/server/controller/sellers.go:32.51,33.32 1 0
mercado-frescos-time-7/go-web/cmd/server/controller/sellers.go:33.32,35.50 2 0
mercado-frescos-time-7/go-web/cmd/server/controller/sellers.go:41.3,42.17 2 0
mercado-frescos-time-7/go-web/cmd/server/controller/sellers.go:48.3,48.19 1 0
mercado-frescos-time-7/go-web/cmd/server/controller/sellers.go:35.50,40.4 4 0
mercado-frescos-time-7/go-web/cmd/server/controller/sellers.go:42.17,47.4 4 0
mercado-frescos-time-7/go-web/cmd/server/controller/sellers.go:54.52,55.32 1 0
mercado-frescos-time-7/go-web/cmd/server/controller/sellers.go:55.32,57.16 2 0
mercado-frescos-time-7/go-web/cmd/server/controller/sellers.go:61.2,62.20 2 0
mercado-frescos-time-7/go-web/cmd/server/controller/sellers.go:57.16,60.3 2 0
mercado-frescos-time-7/go-web/cmd/server/controller/sellers.go:66.51,67.32 1 0
mercado-frescos-time-7/go-web/cmd/server/controller/sellers.go:67.32,69.16 2 0
mercado-frescos-time-7/go-web/cmd/server/controller/sellers.go:75.2,76.16 2 0
mercado-frescos-time-7/go-web/cmd/server/controller/sellers.go:89.2,89.18 1 0
mercado-frescos-time-7/go-web/cmd/server/controller/sellers.go:69.16,74.3 4 0
mercado-frescos-time-7/go-web/cmd/server/controller/sellers.go:76.16,77.50 1 0
mercado-frescos-time-7/go-web/cmd/server/controller/sellers.go:77.50,82.4 4 0
mercado-frescos-time-7/go-web/cmd/server/controller/sellers.go:82.9,87.4 4 0
mercado-frescos-time-7/go-web/cmd/server/controller/sellers.go:93.52,94.32 1 0
mercado-frescos-time-7/go-web/cmd/server/controller/sellers.go:94.32,96.17 2 0
mercado-frescos-time-7/go-web/cmd/server/controller/sellers.go:102.3,106.17 4 0
mercado-frescos-time-7/go-web/cmd/server/controller/sellers.go:110.3,111.17 2 0
mercado-frescos-time-7/go-web/cmd/server/controller/sellers.go:117.3,117.19 1 0
mercado-frescos-time-7/go-web/cmd/server/controller/sellers.go:96.17,101.4 4 0
mercado-frescos-time-7/go-web/cmd/server/controller/sellers.go:106.17,109.4 2 0
mercado-frescos-time-7/go-web/cmd/server/controller/sellers.go:111.17,116.4 4 0
mercado-frescos-time-7/go-web/cmd/server/controller/sellers.go:121.52,122.32 1 0
mercado-frescos-time-7/go-web/cmd/server/controller/sellers.go:122.32,124.17 2 0
mercado-frescos-time-7/go-web/cmd/server/controller/sellers.go:130.4,131.18 2 0
mercado-frescos-time-7/go-web/cmd/server/controller/sellers.go:136.4,137.36 1 0
mercado-frescos-time-7/go-web/cmd/server/controller/sellers.go:124.17,129.4 4 0
mercado-frescos-time-7/go-web/cmd/server/controller/sellers.go:131.18,135.5 2 0
mercado-frescos-time-7/go-web/cmd/server/controller/sellers.go:141.44,145.2 1 0
mercado-frescos-time-7/go-web/cmd/server/controller/warehouses.go:28.71,33.2 2 0
mercado-frescos-time-7/go-web/cmd/server/controller/warehouses.go:35.70,37.16 2 0
mercado-frescos-time-7/go-web/cmd/server/controller/warehouses.go:43.2,43.33 1 0
mercado-frescos-time-7/go-web/cmd/server/controller/warehouses.go:37.16,42.3 4 0
mercado-frescos-time-7/go-web/cmd/server/controller/warehouses.go:46.71,48.16 2 0
mercado-frescos-time-7/go-web/cmd/server/controller/warehouses.go:54.2,55.16 2 0
mercado-frescos-time-7/go-web/cmd/server/controller/warehouses.go:68.2,68.33 1 0
mercado-frescos-time-7/go-web/cmd/server/controller/warehouses.go:48.16,53.3 4 0
mercado-frescos-time-7/go-web/cmd/server/controller/warehouses.go:55.16,56.50 1 0
mercado-frescos-time-7/go-web/cmd/server/controller/warehouses.go:56.50,61.4 4 0
mercado-frescos-time-7/go-web/cmd/server/controller/warehouses.go:61.9,66.4 4 0
mercado-frescos-time-7/go-web/cmd/server/controller/warehouses.go:71.70,74.16 3 0
mercado-frescos-time-7/go-web/cmd/server/controller/warehouses.go:81.2,82.16 2 0
mercado-frescos-time-7/go-web/cmd/server/controller/warehouses.go:88.2,88.38 1 0
mercado-frescos-time-7/go-web/cmd/server/controller/warehouses.go:74.16,79.3 4 0
mercado-frescos-time-7/go-web/cmd/server/controller/warehouses.go:82.16,87.3 4 0
mercado-frescos-time-7/go-web/cmd/server/controller/warehouses.go:91.70,93.16 2 0
mercado-frescos-time-7/go-web/cmd/server/controller/warehouses.go:100.2,104.16 4 0
mercado-frescos-time-7/go-web/cmd/server/controller/warehouses.go:109.2,110.16 2 0
mercado-frescos-time-7/go-web/cmd/server/controller/warehouses.go:116.2,116.33 1 0
mercado-frescos-time-7/go-web/cmd/server/controller/warehouses.go:93.16,98.3 4 0
mercado-frescos-time-7/go-web/cmd/server/controller/warehouses.go:104.16,107.3 2 0
mercado-frescos-time-7/go-web/cmd/server/controller/warehouses.go:110.16,115.3 4 0
mercado-frescos-time-7/go-web/cmd/server/controller/warehouses.go:119.70,123.16 3 0
mercado-frescos-time-7/go-web/cmd/server/controller/warehouses.go:127.2,127.35 1 0
mercado-frescos-time-7/go-web/cmd/server/controller/warehouses.go:123.16,126.3 2 0
mercado-frescos-time-7/go-web/cmd/server/controller/buyers.go:18.59,22.2 1 0
mercado-frescos-time-7/go-web/cmd/server/controller/buyers.go:24.57,25.36 1 0
mercado-frescos-time-7/go-web/cmd/server/controller/buyers.go:25.36,27.17 2 0
mercado-frescos-time-7/go-web/cmd/server/controller/buyers.go:33.3,33.71 1 0
mercado-frescos-time-7/go-web/cmd/server/controller/buyers.go:27.17,32.4 4 0
mercado-frescos-time-7/go-web/cmd/server/controller/buyers.go:37.56,38.36 1 0
mercado-frescos-time-7/go-web/cmd/server/controller/buyers.go:38.36,43.17 3 0
mercado-frescos-time-7/go-web/cmd/server/controller/buyers.go:49.3,50.17 2 0
mercado-frescos-time-7/go-web/cmd/server/controller/buyers.go:56.3,56.75 1 0
mercado-frescos-time-7/go-web/cmd/server/controller/buyers.go:43.17,48.4 4 0
mercado-frescos-time-7/go-web/cmd/server/controller/buyers.go:50.17,55.4 4 0
mercado-frescos-time-7/go-web/cmd/server/controller/buyers.go:60.57,61.36 1 0
mercado-frescos-time-7/go-web/cmd/server/controller/buyers.go:61.36,63.56 2 0
mercado-frescos-time-7/go-web/cmd/server/controller/buyers.go:70.3,72.17 2 0
mercado-frescos-time-7/go-web/cmd/server/controller/buyers.go:78.3,78.83 1 0
mercado-frescos-time-7/go-web/cmd/server/controller/buyers.go:63.56,68.4 4 0
mercado-frescos-time-7/go-web/cmd/server/controller/buyers.go:72.17,77.4 4 0
mercado-frescos-time-7/go-web/cmd/server/controller/buyers.go:82.57,83.36 1 0
mercado-frescos-time-7/go-web/cmd/server/controller/buyers.go:83.36,87.17 3 0
mercado-frescos-time-7/go-web/cmd/server/controller/buyers.go:93.3,94.59 2 0
mercado-frescos-time-7/go-web/cmd/server/controller/buyers.go:101.3,103.17 2 0
mercado-frescos-time-7/go-web/cmd/server/controller/buyers.go:109.3,109.73 1 0
mercado-frescos-time-7/go-web/cmd/server/controller/buyers.go:87.17,92.4 4 0
mercado-frescos-time-7/go-web/cmd/server/controller/buyers.go:94.59,99.4 4 0
mercado-frescos-time-7/go-web/cmd/server/controller/buyers.go:103.17,108.4 4 0
mercado-frescos-time-7/go-web/cmd/server/controller/buyers.go:113.57,114.36 1 0
mercado-frescos-time-7/go-web/cmd/server/controller/buyers.go:114.36,118.17 3 0
mercado-frescos-time-7/go-web/cmd/server/controller/buyers.go:124.3,126.17 2 0
mercado-frescos-time-7/go-web/cmd/server/controller/buyers.go:132.3,132.85 1 0
mercado-frescos-time-7/go-web/cmd/server/controller/buyers.go:118.17,123.4 4 0
mercado-frescos-time-7/go-web/cmd/server/controller/buyers.go:126.17,131.4 4 0
