mode: atomic
mercado-frescos-time-7/go-web/internal/products/repository.go:22.41,26.2 1 17
mercado-frescos-time-7/go-web/internal/products/repository.go:28.77,31.16 3 12
mercado-frescos-time-7/go-web/internal/products/repository.go:34.2,36.16 3 11
mercado-frescos-time-7/go-web/internal/products/repository.go:39.2,39.21 1 10
mercado-frescos-time-7/go-web/internal/products/repository.go:31.16,33.3 1 1
mercado-frescos-time-7/go-web/internal/products/repository.go:36.16,38.3 1 1
mercado-frescos-time-7/go-web/internal/products/repository.go:42.57,45.16 3 2
mercado-frescos-time-7/go-web/internal/products/repository.go:48.2,48.39 1 1
mercado-frescos-time-7/go-web/internal/products/repository.go:45.16,47.3 1 1
mercado-frescos-time-7/go-web/internal/products/repository.go:51.62,54.16 3 7
mercado-frescos-time-7/go-web/internal/products/repository.go:57.2,57.46 1 6
mercado-frescos-time-7/go-web/internal/products/repository.go:62.2,62.54 1 2
mercado-frescos-time-7/go-web/internal/products/repository.go:54.16,56.3 1 1
mercado-frescos-time-7/go-web/internal/products/repository.go:57.46,58.17 1 6
mercado-frescos-time-7/go-web/internal/products/repository.go:58.17,60.4 1 4
mercado-frescos-time-7/go-web/internal/products/repository.go:65.59,68.16 3 4
mercado-frescos-time-7/go-web/internal/products/repository.go:71.2,71.46 1 3
mercado-frescos-time-7/go-web/internal/products/repository.go:81.2,81.36 1 1
mercado-frescos-time-7/go-web/internal/products/repository.go:68.16,70.3 1 1
mercado-frescos-time-7/go-web/internal/products/repository.go:71.46,72.25 1 3
mercado-frescos-time-7/go-web/internal/products/repository.go:72.25,75.18 3 2
mercado-frescos-time-7/go-web/internal/products/repository.go:78.4,78.14 1 1
mercado-frescos-time-7/go-web/internal/products/repository.go:75.18,77.5 1 1
mercado-frescos-time-7/go-web/internal/products/repository.go:84.43,87.16 3 4
mercado-frescos-time-7/go-web/internal/products/repository.go:90.2,90.46 1 3
mercado-frescos-time-7/go-web/internal/products/repository.go:100.2,100.36 1 1
mercado-frescos-time-7/go-web/internal/products/repository.go:87.16,89.3 1 1
mercado-frescos-time-7/go-web/internal/products/repository.go:90.46,91.17 1 2
mercado-frescos-time-7/go-web/internal/products/repository.go:91.17,94.18 3 2
mercado-frescos-time-7/go-web/internal/products/repository.go:97.4,97.14 1 1
mercado-frescos-time-7/go-web/internal/products/repository.go:94.18,96.5 1 1
mercado-frescos-time-7/go-web/internal/products/repository.go:103.44,106.16 3 5
mercado-frescos-time-7/go-web/internal/products/repository.go:109.2,113.16 5 4
mercado-frescos-time-7/go-web/internal/products/repository.go:116.2,116.20 1 3
mercado-frescos-time-7/go-web/internal/products/repository.go:106.16,108.3 1 1
mercado-frescos-time-7/go-web/internal/products/repository.go:113.16,115.3 1 1
mercado-frescos-time-7/go-web/internal/products/services.go:22.39,26.2 1 0
mercado-frescos-time-7/go-web/internal/products/services.go:28.69,30.16 2 0
mercado-frescos-time-7/go-web/internal/products/services.go:34.2,38.16 4 0
mercado-frescos-time-7/go-web/internal/products/services.go:42.2,43.16 2 0
mercado-frescos-time-7/go-web/internal/products/services.go:47.2,50.16 3 0
mercado-frescos-time-7/go-web/internal/products/services.go:53.2,53.15 1 0
mercado-frescos-time-7/go-web/internal/products/services.go:30.16,32.3 1 0
mercado-frescos-time-7/go-web/internal/products/services.go:38.16,40.3 1 0
mercado-frescos-time-7/go-web/internal/products/services.go:43.16,45.3 1 0
mercado-frescos-time-7/go-web/internal/products/services.go:50.16,52.3 1 0
mercado-frescos-time-7/go-web/internal/products/services.go:56.54,58.16 2 0
mercado-frescos-time-7/go-web/internal/products/services.go:61.2,61.16 1 0
mercado-frescos-time-7/go-web/internal/products/services.go:58.16,60.3 1 0
mercado-frescos-time-7/go-web/internal/products/services.go:64.59,66.16 2 0
mercado-frescos-time-7/go-web/internal/products/services.go:69.2,69.15 1 0
mercado-frescos-time-7/go-web/internal/products/services.go:66.16,68.3 1 0
mercado-frescos-time-7/go-web/internal/products/services.go:72.74,74.16 2 0
mercado-frescos-time-7/go-web/internal/products/services.go:78.2,80.16 3 0
mercado-frescos-time-7/go-web/internal/products/services.go:84.2,88.16 4 0
mercado-frescos-time-7/go-web/internal/products/services.go:91.2,91.27 1 0
mercado-frescos-time-7/go-web/internal/products/services.go:74.16,76.3 1 0
mercado-frescos-time-7/go-web/internal/products/services.go:80.16,82.3 1 0
mercado-frescos-time-7/go-web/internal/products/services.go:88.16,90.3 1 0
mercado-frescos-time-7/go-web/internal/products/services.go:94.40,96.16 2 0
mercado-frescos-time-7/go-web/internal/products/services.go:99.2,99.12 1 0
mercado-frescos-time-7/go-web/internal/products/services.go:96.16,98.3 1 0
